  FileName.cpp
C:\Users\XOMA\Documents\GitHub\projects-2024\Lab5(2)\lab5\FileName.cpp(41,19): warning C4244: инициализация: преобразование "double" в "float", возможна потеря данных
C:\Users\XOMA\Documents\GitHub\projects-2024\Lab5(2)\lab5\FileName.cpp(42,19): warning C4244: инициализация: преобразование "double" в "float", возможна потеря данных
C:\Users\XOMA\Documents\GitHub\projects-2024\Lab5(2)\lab5\FileName.cpp(43,17): warning C4244: =: преобразование "double" в "float", возможна потеря данных
C:\Users\XOMA\Documents\GitHub\projects-2024\Lab5(2)\lab5\FileName.cpp(56,17): warning C4244: =: преобразование "double" в "float", возможна потеря данных
C:\Users\XOMA\Documents\GitHub\projects-2024\Lab5(2)\lab5\FileName.cpp(57,17): warning C4244: =: преобразование "double" в "float", возможна потеря данных
C:\Users\XOMA\Documents\GitHub\projects-2024\Lab5(2)\lab5\FileName.cpp(59,21): warning C4244: =: преобразование "double" в "float", возможна потеря данных
C:\Users\XOMA\Documents\GitHub\projects-2024\Lab5(2)\lab5\FileName.cpp(60,21): warning C4244: =: преобразование "double" в "float", возможна потеря данных
C:\Users\XOMA\Documents\GitHub\projects-2024\Lab5(2)\lab5\FileName.cpp(65,17): warning C4244: =: преобразование "double" в "float", возможна потеря данных
C:\Users\XOMA\Documents\GitHub\projects-2024\Lab5(2)\lab5\FileName.cpp(69,24): warning C4244: =: преобразование "double" в "float", возможна потеря данных
C:\Users\XOMA\Documents\GitHub\projects-2024\Lab5(2)\lab5\FileName.cpp(78,19): warning C4244: инициализация: преобразование "double" в "float", возможна потеря данных
C:\Users\XOMA\Documents\GitHub\projects-2024\Lab5(2)\lab5\FileName.cpp(79,19): warning C4244: инициализация: преобразование "double" в "float", возможна потеря данных
C:\Users\XOMA\Documents\GitHub\projects-2024\Lab5(2)\lab5\FileName.cpp(80,17): warning C4244: =: преобразование "double" в "float", возможна потеря данных
C:\Users\XOMA\Documents\GitHub\projects-2024\Lab5(2)\lab5\FileName.cpp(93,17): warning C4244: =: преобразование "double" в "float", возможна потеря данных
C:\Users\XOMA\Documents\GitHub\projects-2024\Lab5(2)\lab5\FileName.cpp(94,17): warning C4244: =: преобразование "double" в "float", возможна потеря данных
C:\Users\XOMA\Documents\GitHub\projects-2024\Lab5(2)\lab5\FileName.cpp(96,21): warning C4244: =: преобразование "double" в "float", возможна потеря данных
C:\Users\XOMA\Documents\GitHub\projects-2024\Lab5(2)\lab5\FileName.cpp(97,21): warning C4244: =: преобразование "double" в "float", возможна потеря данных
C:\Users\XOMA\Documents\GitHub\projects-2024\Lab5(2)\lab5\FileName.cpp(102,29): warning C4244: =: преобразование "double" в "float", возможна потеря данных
C:\Users\XOMA\Documents\GitHub\projects-2024\Lab5(2)\lab5\FileName.cpp(107,48): warning C4244: =: преобразование "double" в "float", возможна потеря данных
C:\Users\XOMA\Documents\GitHub\projects-2024\Lab5(2)\lab5\FileName.cpp(191,15): warning C4244: инициализация: преобразование "float" в "int", возможна потеря данных
C:\Users\XOMA\Documents\GitHub\projects-2024\Lab5(2)\lab5\FileName.cpp(199,30): warning C4244: return: преобразование "double" в "float", возможна потеря данных
C:\Users\XOMA\Documents\GitHub\projects-2024\Lab5(2)\lab5\FileName.cpp(203,14): warning C4091: : пропускается слева от "R_Complex", когда ни одна переменная не объявлена
C:\Users\XOMA\Documents\GitHub\projects-2024\Lab5(2)\lab5\FileName.cpp(204,21): warning C4244: аргумент: преобразование "double" в "float", возможна потеря данных
C:\Users\XOMA\Documents\GitHub\projects-2024\Lab5(2)\lab5\FileName.cpp(183): warning C4715: max_number: значение возвращается не при всех путях выполнения
  lab5.vcxproj -> C:\Users\XOMA\Documents\GitHub\projects-2024\Lab5(2)\lab5\x64\Debug\lab5.exe
