  main.cpp
C:\Users\XOMA\Documents\GitHub\projects-2024\Lab5\Project1\main.cpp(32,19): warning C4244: инициализация: преобразование "double" в "float", возможна потеря данных
C:\Users\XOMA\Documents\GitHub\projects-2024\Lab5\Project1\main.cpp(33,19): warning C4244: инициализация: преобразование "double" в "float", возможна потеря данных
C:\Users\XOMA\Documents\GitHub\projects-2024\Lab5\Project1\main.cpp(34,17): warning C4244: =: преобразование "double" в "float", возможна потеря данных
C:\Users\XOMA\Documents\GitHub\projects-2024\Lab5\Project1\main.cpp(48,17): warning C4244: =: преобразование "double" в "float", возможна потеря данных
C:\Users\XOMA\Documents\GitHub\projects-2024\Lab5\Project1\main.cpp(49,17): warning C4244: =: преобразование "double" в "float", возможна потеря данных
C:\Users\XOMA\Documents\GitHub\projects-2024\Lab5\Project1\main.cpp(51,21): warning C4244: =: преобразование "double" в "float", возможна потеря данных
C:\Users\XOMA\Documents\GitHub\projects-2024\Lab5\Project1\main.cpp(52,21): warning C4244: =: преобразование "double" в "float", возможна потеря данных
C:\Users\XOMA\Documents\GitHub\projects-2024\Lab5\Project1\main.cpp(57,17): warning C4244: =: преобразование "double" в "float", возможна потеря данных
C:\Users\XOMA\Documents\GitHub\projects-2024\Lab5\Project1\main.cpp(64,29): warning C4244: =: преобразование "double" в "float", возможна потеря данных
C:\Users\XOMA\Documents\GitHub\projects-2024\Lab5\Project1\main.cpp(79,19): warning C4244: инициализация: преобразование "double" в "float", возможна потеря данных
C:\Users\XOMA\Documents\GitHub\projects-2024\Lab5\Project1\main.cpp(80,19): warning C4244: инициализация: преобразование "double" в "float", возможна потеря данных
C:\Users\XOMA\Documents\GitHub\projects-2024\Lab5\Project1\main.cpp(81,17): warning C4244: =: преобразование "double" в "float", возможна потеря данных
C:\Users\XOMA\Documents\GitHub\projects-2024\Lab5\Project1\main.cpp(94,17): warning C4244: =: преобразование "double" в "float", возможна потеря данных
C:\Users\XOMA\Documents\GitHub\projects-2024\Lab5\Project1\main.cpp(95,17): warning C4244: =: преобразование "double" в "float", возможна потеря данных
C:\Users\XOMA\Documents\GitHub\projects-2024\Lab5\Project1\main.cpp(97,21): warning C4244: =: преобразование "double" в "float", возможна потеря данных
C:\Users\XOMA\Documents\GitHub\projects-2024\Lab5\Project1\main.cpp(98,21): warning C4244: =: преобразование "double" в "float", возможна потеря данных
C:\Users\XOMA\Documents\GitHub\projects-2024\Lab5\Project1\main.cpp(102,29): warning C4244: =: преобразование "double" в "float", возможна потеря данных
C:\Users\XOMA\Documents\GitHub\projects-2024\Lab5\Project1\main.cpp(104,48): warning C4244: =: преобразование "double" в "float", возможна потеря данных
C:\Users\XOMA\Documents\GitHub\projects-2024\Lab5\Project1\main.cpp(161,21): warning C4244: аргумент: преобразование "double" в "float", возможна потеря данных
C:\Users\XOMA\Documents\GitHub\projects-2024\Lab5\Project1\main.cpp(189,15): warning C4244: инициализация: преобразование "float" в "int", возможна потеря данных
C:\Users\XOMA\Documents\GitHub\projects-2024\Lab5\Project1\main.cpp(195,30): warning C4244: return: преобразование "double" в "float", возможна потеря данных
C:\Users\XOMA\Documents\GitHub\projects-2024\Lab5\Project1\main.cpp(183): warning C4715: max_number: значение возвращается не при всех путях выполнения
  Project1.vcxproj -> C:\Users\XOMA\Documents\GitHub\projects-2024\Lab5\Project1\x64\Debug\Lab5.exe
